[    0.000000] Initializing cgroup subsys cpuset
[    0.000000] Initializing cgroup subsys cpu
[    0.000000] Initializing cgroup subsys cpuacct
[    0.000000] Linux version 4.4.0-210-generic (buildd@lgw01-amd64-009) (gcc version 5.4.0 20160609 (Ubuntu 5.4.0-6ubuntu1~16.04.12) ) #242-Ubuntu SMP Fri Apr 16 09:57:56 UTC 2021 (Ubuntu 4.4.0-210.242-generic 4.4.262)
[    0.000000] Command line: BOOT_IMAGE=/boot/vmlinuz-4.4.0-210-generic root=LABEL=cloudimg-rootfs ro console=tty1 console=ttyS0
[    0.000000] KERNEL supported cpus:
[    0.000000]   Intel GenuineIntel
[    0.000000]   AMD AuthenticAMD
[    0.000000]   Centaur CentaurHauls
[    0.000000] x86/fpu: xstate_offset[2]:  576, xstate_sizes[2]:  256
[    0.000000] x86/fpu: Supporting XSAVE feature 0x01: 'x87 floating point registers'
[    0.000000] x86/fpu: Supporting XSAVE feature 0x02: 'SSE registers'
[    0.000000] x86/fpu: Supporting XSAVE feature 0x04: 'AVX registers'
[    0.000000] x86/fpu: Enabled xstate features 0x7, context size is 832 bytes, using 'standard' format.
[    0.000000] e820: BIOS-provided physical RAM map:
[    0.000000] BIOS-e820: [mem 0x0000000000000000-0x000000000009fbff] usable
[    0.000000] BIOS-e820: [mem 0x000000000009fc00-0x000000000009ffff] reserved
[    0.000000] BIOS-e820: [mem 0x00000000000f0000-0x00000000000fffff] reserved
[    0.000000] BIOS-e820: [mem 0x0000000000100000-0x000000003ffeffff] usable
[    0.000000] BIOS-e820: [mem 0x000000003fff0000-0x000000003fffffff] ACPI data
[    0.000000] BIOS-e820: [mem 0x00000000fec00000-0x00000000fec00fff] reserved
[    0.000000] BIOS-e820: [mem 0x00000000fee00000-0x00000000fee00fff] reserved
[    0.000000] BIOS-e820: [mem 0x00000000fffc0000-0x00000000ffffffff] reserved
[    0.000000] NX (Execute Disable) protection: active
[    0.000000] SMBIOS 2.5 present.
[    0.000000] Hypervisor detected: KVM
[    0.000000] e820: last_pfn = 0x3fff0 max_arch_pfn = 0x400000000
[    0.000000] MTRR: Disabled
[    0.000000] x86/PAT: MTRRs disabled, skipping PAT initialization too.
[    0.000000] CPU MTRRs all blank - virtualized system.
[    0.000000] x86/PAT: Configuration [0-7]: WB  WT  UC- UC  WB  WT  UC- UC  
[    0.000000] found SMP MP-table at [mem 0x0009fff0-0x0009ffff] mapped at [ffff88000009fff0]
[    0.000000] Scanning 1 areas for low memory corruption
[    0.000000] RAMDISK: [mem 0x362dc000-0x37165fff]
[    0.000000] ACPI: Early table checksum verification disabled
[    0.000000] ACPI: RSDP 0x00000000000E0000 000024 (v02 VBOX  )
[    0.000000] ACPI: XSDT 0x000000003FFF0030 00003C (v01 VBOX   VBOXXSDT 00000001 ASL  00000061)
[    0.000000] ACPI: FACP 0x000000003FFF00F0 0000F4 (v04 VBOX   VBOXFACP 00000001 ASL  00000061)
[    0.000000] ACPI: DSDT 0x000000003FFF0470 002325 (v02 VBOX   VBOXBIOS 00000002 INTL 20120111)
[    0.000000] ACPI: FACS 0x000000003FFF0200 000040
[    0.000000] ACPI: FACS 0x000000003FFF0200 000040
[    0.000000] ACPI: APIC 0x000000003FFF0240 00005C (v02 VBOX   VBOXAPIC 00000001 ASL  00000061)
[    0.000000] ACPI: SSDT 0x000000003FFF02A0 0001CC (v01 VBOX   VBOXCPUT 00000002 INTL 20120111)
[    0.000000] No NUMA configuration found
[    0.000000] Faking a node at [mem 0x0000000000000000-0x000000003ffeffff]
[    0.000000] NODE_DATA(0) allocated [mem 0x3ffeb000-0x3ffeffff]
[    0.000000] kvm-clock: Using msrs 4b564d01 and 4b564d00
[    0.000000] kvm-clock: cpu 0, msr 0:3ffe3001, primary cpu clock
[    0.000000] kvm-clock: using sched offset of 6869870365 cycles
[    0.000000] clocksource: kvm-clock: mask: 0xffffffffffffffff max_cycles: 0x1cd42e4dffb, max_idle_ns: 881590591483 ns
[    0.000000] Zone ranges:
[    0.000000]   DMA      [mem 0x0000000000001000-0x0000000000ffffff]
[    0.000000]   DMA32    [mem 0x0000000001000000-0x000000003ffeffff]
[    0.000000]   Normal   empty
[    0.000000]   Device   empty
[    0.000000] Movable zone start for each node
[    0.000000] Early memory node ranges
[    0.000000]   node   0: [mem 0x0000000000001000-0x000000000009efff]
[    0.000000]   node   0: [mem 0x0000000000100000-0x000000003ffeffff]
[    0.000000] Initmem setup node 0 [mem 0x0000000000001000-0x000000003ffeffff]
[    0.000000] ACPI: PM-Timer IO Port: 0x4008
[    0.000000] IOAPIC[0]: apic_id 2, version 32, address 0xfec00000, GSI 0-23
[    0.000000] ACPI: INT_SRC_OVR (bus 0 bus_irq 0 global_irq 2 dfl dfl)
[    0.000000] ACPI: INT_SRC_OVR (bus 0 bus_irq 9 global_irq 9 low level)
[    0.000000] Using ACPI (MADT) for SMP configuration information
[    0.000000] smpboot: Allowing 2 CPUs, 0 hotplug CPUs
[    0.000000] PM: Registered nosave memory: [mem 0x00000000-0x00000fff]
[    0.000000] PM: Registered nosave memory: [mem 0x0009f000-0x0009ffff]
[    0.000000] PM: Registered nosave memory: [mem 0x000a0000-0x000effff]
[    0.000000] PM: Registered nosave memory: [mem 0x000f0000-0x000fffff]
[    0.000000] e820: [mem 0x40000000-0xfebfffff] available for PCI devices
[    0.000000] Booting paravirtualized kernel on KVM
[    0.000000] clocksource: refined-jiffies: mask: 0xffffffff max_cycles: 0xffffffff, max_idle_ns: 7645519600211568 ns
[    0.000000] setup_percpu: NR_CPUS:512 nr_cpumask_bits:512 nr_cpu_ids:2 nr_node_ids:1
[    0.000000] PERCPU: Embedded 33 pages/cpu @ffff88003fc00000 s95192 r8192 d31784 u1048576
[    0.000000] Built 1 zonelists in Node order, mobility grouping on.  Total pages: 257912
[    0.000000] Policy zone: DMA32
[    0.000000] Kernel command line: BOOT_IMAGE=/boot/vmlinuz-4.4.0-210-generic root=LABEL=cloudimg-rootfs ro console=tty1 console=ttyS0
[    0.000000] PID hash table entries: 4096 (order: 3, 32768 bytes)
[    0.000000] Memory: 997792K/1048120K available (8644K kernel code, 1332K rwdata, 4044K rodata, 1492K init, 1164K bss, 50328K reserved, 0K cma-reserved)
[    0.000000] SLUB: HWalign=64, Order=0-3, MinObjects=0, CPUs=2, Nodes=1
[    0.000000] Kernel/User page tables isolation: enabled
[    0.000000] Hierarchical RCU implementation.
[    0.000000] 	Build-time adjustment of leaf fanout to 64.
[    0.000000] 	RCU restricting CPUs from NR_CPUS=512 to nr_cpu_ids=2.
[    0.000000] RCU: Adjusting geometry for rcu_fanout_leaf=64, nr_cpu_ids=2
[    0.000000] NR_IRQS:33024 nr_irqs:440 16
[    0.000000] Console: colour VGA+ 80x25
[    0.000000] console [tty1] enabled
[    0.000000] console [ttyS0] enabled
[    0.000000] tsc: Detected 1800.000 MHz processor
[    0.420273] Calibrating delay loop (skipped) preset value.. 3600.00 BogoMIPS (lpj=7200000)
[    0.424645] pid_max: default: 32768 minimum: 301
[    0.427785] ACPI: Core revision 20150930
[    0.430767] ACPI: 2 ACPI AML tables successfully acquired and loaded
[    0.434167] Security Framework initialized
[    0.438897] Yama: becoming mindful.
[    0.440648] AppArmor: AppArmor initialized
[    0.443839] Dentry cache hash table entries: 131072 (order: 8, 1048576 bytes)
[    0.451596] Inode-cache hash table entries: 65536 (order: 7, 524288 bytes)
[    0.456737] Mount-cache hash table entries: 2048 (order: 2, 16384 bytes)
[    0.463680] Mountpoint-cache hash table entries: 2048 (order: 2, 16384 bytes)
[    0.468966] Initializing cgroup subsys io
[    0.471538] Initializing cgroup subsys memory
[    0.473672] Initializing cgroup subsys devices
[    0.477032] Initializing cgroup subsys freezer
[    0.479392] Initializing cgroup subsys net_cls
[    0.482108] Initializing cgroup subsys perf_event
[    0.487092] Initializing cgroup subsys net_prio
[    0.502930] Initializing cgroup subsys hugetlb
[    0.505690] Initializing cgroup subsys pids
[    0.519129] mce: CPU supports 0 MCE banks
[    0.522109] Last level iTLB entries: 4KB 64, 2MB 8, 4MB 8
[    0.526212] Last level dTLB entries: 4KB 64, 2MB 0, 4MB 0, 1GB 4
[    0.532779] Spectre V1 : Mitigation: usercopy/swapgs barriers and __user pointer sanitization
[    0.543772] Spectre V2 : Mitigation: Full generic retpoline
[    0.550847] Spectre V2 : Spectre v2 / SpectreRSB mitigation: Filling RSB on context switch
[    0.563446] Speculative Store Bypass: Vulnerable
[    0.569252] SRBDS: Unknown: Dependent on hypervisor status
[    0.574392] MDS: Mitigation: Clear CPU buffers
[    0.597303] Freeing SMP alternatives memory: 36K
[    0.619310] ftrace: allocating 32380 entries in 127 pages
[    0.726976] smpboot: APIC(0) Converting physical 0 to logical package 0
[    0.736357] smpboot: Max logical packages: 1
[    0.744941] x2apic enabled
[    0.751141] Switched APIC routing to physical x2apic.
[    0.761619] ..TIMER: vector=0x30 apic1=0 pin1=2 apic2=-1 pin2=-1
[    0.875079] smpboot: CPU0: Intel(R) Core(TM) i5-5350U CPU @ 1.80GHz (family: 0x6, model: 0x3d, stepping: 0x4)
[    0.882882] Performance Events: unsupported p6 CPU model 61 no PMU driver, software events only.
[    0.904204] KVM setup paravirtual spinlock
[    0.907045] x86: Booting SMP configuration:
[    0.909062] .... node  #0, CPUs:      #1
[    0.911536] kvm-clock: cpu 1, msr 0:3ffe3041, secondary cpu clock
[    0.922410] mce: CPU supports 0 MCE banks
[    0.926189] x86: Booted up 1 node, 2 CPUs
[    0.929499] smpboot: Total of 2 processors activated (7200.00 BogoMIPS)
[    0.933522] devtmpfs: initialized
[    0.937525] evm: security.selinux
[    0.939147] evm: security.SMACK64
[    0.940540] evm: security.SMACK64EXEC
[    0.943278] evm: security.SMACK64TRANSMUTE
[    0.947414] evm: security.SMACK64MMAP
[    0.951305] evm: security.ima
[    0.954497] evm: security.capability
[    0.958066] clocksource: jiffies: mask: 0xffffffff max_cycles: 0xffffffff, max_idle_ns: 7645041785100000 ns
[    0.966347] futex hash table entries: 512 (order: 3, 32768 bytes)
[    0.972323] pinctrl core: initialized pinctrl subsystem
[    0.975470] RTC time: 10:01:32, date: 12/05/21
[    0.978468] NET: Registered protocol family 16
[    0.991312] cpuidle: using governor ladder
[    1.007370] cpuidle: using governor menu
[    1.010147] PCCT header not found.
[    1.013049] ACPI: bus type PCI registered
[    1.017348] acpiphp: ACPI Hot Plug PCI Controller Driver version: 0.5
[    1.022529] PCI: Using configuration type 1 for base access
[    1.037275] ACPI: Added _OSI(Module Device)
[    1.040985] ACPI: Added _OSI(Processor Device)
[    1.045317] ACPI: Added _OSI(3.0 _SCP Extensions)
[    1.049043] ACPI: Added _OSI(Processor Aggregator Device)
[    1.058224] ACPI: Executed 1 blocks of module-level executable AML code
[    1.071342] ACPI: Interpreter enabled
[    1.073932] ACPI: (supports S0 S5)
[    1.076542] ACPI: Using IOAPIC for interrupt routing
[    1.085215] PCI: Using host bridge windows from ACPI; if necessary, use "pci=nocrs" and report a bug
[    1.107643] ACPI: PCI Root Bridge [PCI0] (domain 0000 [bus 00-ff])
[    1.112556] acpi PNP0A03:00: _OSC: OS supports [ASPM ClockPM Segments MSI]
[    1.118985] acpi PNP0A03:00: _OSC: not requesting OS control; OS requires [ExtendedConfig ASPM ClockPM MSI]
[    1.129339] acpi PNP0A03:00: fail to add MMCONFIG information, can't access extended PCI configuration space under this bridge.
[    1.142477] PCI host bridge to bus 0000:00
[    1.146578] pci_bus 0000:00: root bus resource [io  0x0000-0x0cf7 window]
[    1.155410] pci_bus 0000:00: root bus resource [io  0x0d00-0xffff window]
[    1.161190] pci_bus 0000:00: root bus resource [mem 0x000a0000-0x000bffff window]
[    1.166866] pci_bus 0000:00: root bus resource [mem 0x40000000-0xfdffffff window]
[    1.172942] pci_bus 0000:00: root bus resource [bus 00-ff]
[    1.184401] pci 0000:00:01.1: legacy IDE quirk: reg 0x10: [io  0x01f0-0x01f7]
[    1.190837] pci 0000:00:01.1: legacy IDE quirk: reg 0x14: [io  0x03f6]
[    1.196321] pci 0000:00:01.1: legacy IDE quirk: reg 0x18: [io  0x0170-0x0177]
[    1.223465] pci 0000:00:01.1: legacy IDE quirk: reg 0x1c: [io  0x0376]
[    1.283056] pci 0000:00:07.0: quirk: [io  0x4000-0x403f] claimed by PIIX4 ACPI
[    1.290445] pci 0000:00:07.0: quirk: [io  0x4100-0x410f] claimed by PIIX4 SMB
[    1.329367] ACPI: PCI Interrupt Link [LNKA] (IRQs 5 9 10 *11)
[    1.336908] ACPI: PCI Interrupt Link [LNKB] (IRQs 5 9 *10 11)
[    1.344594] ACPI: PCI Interrupt Link [LNKC] (IRQs 5 *9 10 11)
[    1.367115] ACPI: PCI Interrupt Link [LNKD] (IRQs 5 9 10 *11)
[    1.376819] ACPI: Enabled 2 GPEs in block 00 to 07
[    1.381518] vgaarb: setting as boot device: PCI:0000:00:02.0
[    1.391645] vgaarb: device added: PCI:0000:00:02.0,decodes=io+mem,owns=io+mem,locks=none
[    1.400958] vgaarb: loaded
[    1.403726] vgaarb: bridge control possible 0000:00:02.0
[    1.411149] SCSI subsystem initialized
[    1.415731] ACPI: bus type USB registered
[    1.418242] usbcore: registered new interface driver usbfs
[    1.425087] usbcore: registered new interface driver hub
[    1.429127] usbcore: registered new device driver usb
[    1.441593] PCI: Using ACPI for IRQ routing
[    1.445797] NetLabel: Initializing
[    1.450873] NetLabel:  domain hash size = 128
[    1.456549] NetLabel:  protocols = UNLABELED CIPSOv4
[    1.463011] NetLabel:  unlabeled traffic allowed by default
[    1.468769] amd_nb: Cannot enumerate AMD northbridges
[    1.476604] clocksource: Switched to clocksource kvm-clock
[    1.501393] AppArmor: AppArmor Filesystem Enabled
[    1.517026] pnp: PnP ACPI init
[    1.523128] pnp: PnP ACPI: found 3 devices
[    1.556127] clocksource: acpi_pm: mask: 0xffffff max_cycles: 0xffffff, max_idle_ns: 2085701024 ns
[    1.565735] NET: Registered protocol family 2
[    1.572146] TCP established hash table entries: 8192 (order: 4, 65536 bytes)
[    1.579980] TCP bind hash table entries: 8192 (order: 5, 131072 bytes)
[    1.587152] TCP: Hash tables configured (established 8192 bind 8192)
[    1.609912] UDP hash table entries: 512 (order: 2, 16384 bytes)
[    1.622178] UDP-Lite hash table entries: 512 (order: 2, 16384 bytes)
[    1.629959] NET: Registered protocol family 1
[    1.637331] pci 0000:00:00.0: Limiting direct PCI/PCI transfers
[    1.642559] pci 0000:00:01.0: Activating ISA DMA hang workarounds
[    1.655767] Unpacking initramfs...
[    2.166295] Freeing initrd memory: 14888K
[    2.168650] RAPL PMU detected, API unit is 2^-32 Joules, 4 fixed counters 10737418240 ms ovfl timer
[    2.173832] hw unit of domain pp0-core 2^-0 Joules
[    2.175982] hw unit of domain package 2^-0 Joules
[    2.179239] hw unit of domain dram 2^-0 Joules
[    2.182452] hw unit of domain pp1-gpu 2^-0 Joules
[    2.185161] clocksource: tsc: mask: 0xffffffffffffffff max_cycles: 0x19f2297dd97, max_idle_ns: 440795236593 ns
[    2.193505] platform rtc_cmos: registered platform RTC device (no PNP device found)
[    2.201402] Scanning for low memory corruption every 60 seconds
[    2.206385] audit: initializing netlink subsys (disabled)
[    2.210035] audit: type=2000 audit(1638698501.355:1): initialized
[    2.215513] Initialise system trusted keyring
[    2.218177] HugeTLB registered 2 MB page size, pre-allocated 0 pages
[    2.223998] zbud: loaded
[    2.226420] VFS: Disk quotas dquot_6.6.0
[    2.229064] VFS: Dquot-cache hash table entries: 512 (order 0, 4096 bytes)
[    2.232429] squashfs: version 4.0 (2009/01/31) Phillip Lougher
[    2.237710] fuse init (API version 7.23)
[    2.242071] Key type big_key registered
[    2.248014] Allocating IMA MOK and blacklist keyrings.
[    2.256740] Key type asymmetric registered
[    2.261792] Asymmetric key parser 'x509' registered
[    2.266720] Block layer SCSI generic (bsg) driver version 0.4 loaded (major 249)
[    2.273188] io scheduler noop registered
[    2.275784] io scheduler deadline registered (default)
[    2.278845] io scheduler cfq registered
[    2.283519] pci_hotplug: PCI Hot Plug PCI Core version: 0.5
[    2.289671] pciehp: PCI Express Hot Plug Controller Driver version: 0.4
[    2.295386] ACPI: AC Adapter [AC] (on-line)
[    2.298240] input: Power Button as /devices/LNXSYSTM:00/LNXPWRBN:00/input/input0
[    2.302506] ACPI: Power Button [PWRF]
[    2.306995] input: Sleep Button as /devices/LNXSYSTM:00/LNXSLPBN:00/input/input1
[    2.312260] ACPI: Sleep Button [SLPF]
[    2.316788] GHES: HEST is not enabled!
[    2.317883] ACPI: Battery Slot [BAT0] (battery present)
[    2.322221] Serial: 8250/16550 driver, 32 ports, IRQ sharing enabled
[    2.347272] 00:02: ttyS0 at I/O 0x3f8 (irq = 4, base_baud = 115200) is a 16550A
[    2.358974] Linux agpgart interface v0.103
[    2.366224] loop: module loaded
[    2.368990] scsi host0: ata_piix
[    2.371195] scsi host1: ata_piix
[    2.373369] ata1: PATA max UDMA/33 cmd 0x1f0 ctl 0x3f6 bmdma 0xd000 irq 14
[    2.376399] ata2: PATA max UDMA/33 cmd 0x170 ctl 0x376 bmdma 0xd008 irq 15
[    2.379443] libphy: Fixed MDIO Bus: probed
[    2.382216] tun: Universal TUN/TAP device driver, 1.6
[    2.385271] tun: (C) 1999-2004 Max Krasnyansky <maxk@qualcomm.com>
[    2.390079] PPP generic driver version 2.4.2
[    2.395290] ehci_hcd: USB 2.0 'Enhanced' Host Controller (EHCI) Driver
[    2.399647] ehci-pci: EHCI PCI platform driver
[    2.403145] ehci-platform: EHCI generic platform driver
[    2.407757] ohci_hcd: USB 1.1 'Open' Host Controller (OHCI) Driver
[    2.413507] ohci-pci: OHCI PCI platform driver
[    2.416992] ohci-platform: OHCI generic platform driver
[    2.419892] uhci_hcd: USB Universal Host Controller Interface driver
[    2.427376] i8042: PNP: PS/2 Controller [PNP0303:PS2K,PNP0f03:PS2M] at 0x60,0x64 irq 1,12
[    2.431869] serio: i8042 KBD port at 0x60,0x64 irq 1
[    2.434837] serio: i8042 AUX port at 0x60,0x64 irq 12
[    2.438665] mousedev: PS/2 mouse device common for all mice
[    2.442855] input: AT Translated Set 2 keyboard as /devices/platform/i8042/serio0/input/input2
[    2.450397] rtc_cmos rtc_cmos: rtc core: registered rtc_cmos as rtc0
[    2.454136] rtc_cmos rtc_cmos: alarms up to one day, 114 bytes nvram
[    2.459312] i2c /dev entries driver
[    2.462599] device-mapper: uevent: version 1.0.3
[    2.465719] device-mapper: ioctl: 4.34.0-ioctl (2015-10-28) initialised: dm-devel@redhat.com
[    2.469864] ledtrig-cpu: registered to indicate activity on CPUs
[    2.474988] NET: Registered protocol family 10
[    2.478026] NET: Registered protocol family 17
[    2.480521] Key type dns_resolver registered
[    2.483988] registered taskstats version 1
[    2.487004] Loading compiled-in X.509 certificates
[    2.490818] Loaded X.509 cert 'Build time autogenerated kernel key: cf00e047681d67edb2720680708b7d9498083038'
[    2.498169] zswap: loaded using pool lzo/zbud
[    2.504652] Key type trusted registered
[    2.518117] Key type encrypted registered
[    2.520133] AppArmor: AppArmor sha1 policy hashing enabled
[    2.522780] ima: No TPM chip found, activating TPM-bypass!
[    2.527421] ima: Allocated hash algorithm: sha1
[    2.530139] evm: HMAC attrs: 0x1
[    2.532492]   Magic number: 1:433:21
[    2.534967] rtc_cmos rtc_cmos: setting system clock to 2021-12-05 10:01:34 UTC (1638698494)
[    2.553222] BIOS EDD facility v0.16 2004-Jun-25, 0 devices found
[    2.566348] EDD information not available.
[    2.569845] Freeing unused kernel memory: 1492K
[    2.585077] Write protecting the kernel read-only data: 14336k
[    2.590131] Freeing unused kernel memory: 1584K
[    2.594010] Freeing unused kernel memory: 52K
Loading, please wait...
starting version 229
[    2.627255] random: systemd-udevd: uninitialized urandom read (16 bytes read, 5 bits of entropy available)
[    2.628221] random: udevadm: uninitialized urandom read (16 bytes read, 5 bits of entropy available)
[    2.628266] random: udevadm: uninitialized urandom read (16 bytes read, 5 bits of entropy available)
[    2.642615] random: udevadm: uninitialized urandom read (16 bytes read, 5 bits of entropy available)
[    2.642675] random: udevadm: uninitialized urandom read (16 bytes read, 5 bits of entropy available)
[    2.642830] random: udevadm: uninitialized urandom read (16 bytes read, 5 bits of entropy available)
[    2.642889] random: udevadm: uninitialized urandom read (16 bytes read, 5 bits of entropy available)
[    2.642979] random: udevadm: uninitialized urandom read (16 bytes read, 5 bits of entropy available)
[    2.643192] random: udevadm: uninitialized urandom read (16 bytes read, 5 bits of entropy available)
[    2.643292] random: udevadm: uninitialized urandom read (16 bytes read, 5 bits of entropy available)
[    2.901527] e1000: Intel(R) PRO/1000 Network Driver - version 7.3.21-k8-NAPI
[    2.912329] e1000: Copyright (c) 1999-2006 Intel Corporation.
[    2.926579] Fusion MPT base driver 3.04.20
[    2.935521] Copyright (c) 1999-2008 LSI Corporation
[    2.958539] AVX2 version of gcm_enc/dec engaged.
[    2.963230] AES CTR mode by8 optimization enabled
[    2.971124] Fusion MPT SPI Host driver 3.04.20
[    3.131248] input: ImExPS/2 Generic Explorer Mouse as /devices/platform/i8042/serio1/input/input4
[    3.767132] e1000 0000:00:03.0 eth0: (PCI:33MHz:32-bit) 02:be:82:6b:cc:1d
[    3.770669] e1000 0000:00:03.0 eth0: Intel(R) PRO/1000 Network Connection
[    3.776101] mptbase: ioc0: Initiating bringup
[    4.203491] ioc0: LSI53C1030 A0: Capabilities={Initiator}
[    6.202563] scsi host2: ioc0: LSI53C1030 A0, FwRev=00000000h, Ports=1, MaxQ=256, IRQ=20
[    8.122429] scsi 2:0:0:0: Direct-Access     VBOX     HARDDISK         1.0  PQ: 0 ANSI: 5
[    8.125748] scsi target2:0:0: Beginning Domain Validation
[    8.130422] scsi target2:0:0: Domain Validation skipping write tests
[    8.135912] scsi target2:0:0: Ending Domain Validation
[    8.138961] scsi target2:0:0: asynchronous
[    8.159568] scsi 2:0:1:0: Direct-Access     VBOX     HARDDISK         1.0  PQ: 0 ANSI: 5
[    8.165571] scsi target2:0:1: Beginning Domain Validation
[    8.211007] scsi target2:0:1: Domain Validation skipping write tests
[    8.215968] scsi target2:0:1: Ending Domain Validation
[    8.220022] scsi target2:0:1: asynchronous
[    8.243284] sd 2:0:0:0: Attached scsi generic sg0 type 0
[    8.247061] sd 2:0:0:0: [sda] 83886080 512-byte logical blocks: (42.9 GB/40.0 GiB)
[    8.259155] sd 2:0:1:0: Attached scsi generic sg1 type 0
[    8.262788] sd 2:0:1:0: [sdb] 20480 512-byte logical blocks: (10.5 MB/10.0 MiB)
[    8.271551] sd 2:0:1:0: [sdb] Write Protect is off
[    8.276060] sd 2:0:0:0: [sda] Write Protect is off
[    8.278449] sd 2:0:1:0: [sdb] Incomplete mode parameter data
[    8.282061] sd 2:0:1:0: [sdb] Assuming drive cache: write through
[    8.286693] sd 2:0:0:0: [sda] Incomplete mode parameter data
[    8.290680] sd 2:0:0:0: [sda] Assuming drive cache: write through
[    8.303317]  sda: sda1
[    8.310966] sd 2:0:1:0: [sdb] Attached SCSI disk
[    8.317542] sd 2:0:0:0: [sda] Attached SCSI disk
[    8.758207] e1000 0000:00:08.0 eth1: (PCI:33MHz:32-bit) 08:00:27:ab:a7:3c
[    8.762257] e1000 0000:00:08.0 eth1: Intel(R) PRO/1000 Network Connection
[    8.768156] e1000 0000:00:03.0 enp0s3: renamed from eth0
[    8.781712] e1000 0000:00:08.0 enp0s8: renamed from eth1
Begin: Loading essential drivers ... [   10.299393] md: linear personality registered for level -1
[   10.307196] md: multipath personality registered for level -4
[   10.314229] md: raid0 personality registered for level 0
[   10.321478] md: raid1 personality registered for level 1
[   10.396886] raid6: sse2x1   gen()  4625 MB/s
[   10.472700] raid6: sse2x1   xor()  2632 MB/s
[   10.544688] raid6: sse2x2   gen()  5545 MB/s
[   10.612699] raid6: sse2x2   xor()  5157 MB/s
[   10.680713] raid6: sse2x4   gen() 10053 MB/s
[   10.748689] raid6: sse2x4   xor()  6872 MB/s
[   10.816693] raid6: avx2x1   gen() 11776 MB/s
[   10.884703] raid6: avx2x2   gen() 14846 MB/s
[   10.952958] raid6: avx2x4   gen() 17916 MB/s
[   10.956402] raid6: using algorithm avx2x4 gen() 17916 MB/s
[   10.958773] raid6: using avx2x2 recovery algorithm
[   10.963467] xor: automatically using best checksumming function:
[   11.004740]    avx       : 16500.000 MB/sec
[   11.008105] async_tx: api initialized (async)
[   11.028483] md: raid6 personality registered for level 6
[   11.034794] md: raid5 personality registered for level 5
[   11.041438] md: raid4 personality registered for level 4
[   11.067971] md: raid10 personality registered for level 10
done.
Begin: Running /scripts/init-premount ... done.
Begin: Mounting root file system ... Begin: Running /scripts/local-top ... done.
Begin: Running /scripts/local-premount ... [   11.155899] Btrfs loaded
Scanning for Btrfs filesystems
done.
Warning: fsck not present, so skipping root file system
[   11.270633] EXT4-fs (sda1): mounted filesystem with ordered data mode. Opts: (null)
done.
Begin: Running /scripts/local-bottom ... done.
Begin: Running /scripts/init-bottom ... done.
[   11.649360] systemd[1]: systemd 229 running in system mode. (+PAM +AUDIT +SELINUX +IMA +APPARMOR +SMACK +SYSVINIT +UTMP +LIBCRYPTSETUP +GCRYPT +GNUTLS +ACL +XZ -LZ4 +SECCOMP +BLKID +ELFUTILS +KMOD -IDN)
[   11.665270] systemd[1]: Detected virtualization oracle.
[   11.669241] systemd[1]: Detected architecture x86-64.

Welcome to [1mUbuntu 16.04.7 LTS[0m!

[   11.684406] systemd[1]: Set hostname to <ubuntu>.
[   11.693394] systemd[1]: Initializing machine ID from random generator.
[   11.698737] systemd[1]: Installed transient /etc/machine-id file.
[   12.159540] systemd[1]: Listening on Syslog Socket.
[[0;32m  OK  [0m] Listening on Syslog Socket.
[   12.169893] systemd[1]: Listening on LVM2 metadata daemon socket.
[[0;32m  OK  [0m] Listening on LVM2 metadata daemon socket.
[   12.177378] systemd[1]: Listening on Journal Audit Socket.
[[0;32m  OK  [0m] Listening on Journal Audit Socket.
[   12.181816] systemd[1]: Started Trigger resolvconf update for networkd DNS.
[[0;32m  OK  [0m] Started Trigger resolvconf update for networkd DNS.
[   12.188420] systemd[1]: Created slice User and Session Slice.
[[0;32m  OK  [0m] Created slice User and Session Slice.
[   12.193352] systemd[1]: Created slice System Slice.
[[0;32m  OK  [0m] Created slice System Slice.
[   12.205918] systemd[1]: Created slice system-serial\x2dgetty.slice.
[[0;32m  OK  [0m] Created slice system-serial\x2dgetty.slice.
[   12.212024] systemd[1]: Listening on fsck to fsckd communication Socket.
[[0;32m  OK  [0m] Listening on fsck to fsckd communication Socket.
[   12.225397] systemd[1]: Listening on Journal Socket (/dev/log).
[[0;32m  OK  [0m] Listening on Journal Socket (/dev/log).
[   12.230558] systemd[1]: Listening on /dev/initctl Compatibility Named Pipe.
[[0;32m  OK  [0m] Listening on /dev/initctl Compatibility Named Pipe.
[   12.237809] systemd[1]: Set up automount Arbitrary Executable File Formats File System Automount Point.
[[0;32m  OK  [0m] Set up automount Arbitrary Executab...ats File System Automount Point.
[   12.253913] systemd[1]: Listening on Device-mapper event daemon FIFOs.
[[0;32m  OK  [0m] Listening on Device-mapper event daemon FIFOs.
[   12.259336] systemd[1]: Reached target Slices.
[[0;32m  OK  [0m] Reached target Slices.
[   12.263986] systemd[1]: Listening on Journal Socket.
[[0;32m  OK  [0m] Listening on Journal Socket.
[   12.289822] systemd[1]: Starting Journal Service...
         Starting Journal Service...
[   12.300281] systemd[1]: Mounting Debug File System...
         Mounting Debug File System...
[   12.314999] systemd[1]: Starting Monitoring of LVM2 mirrors, snapshots etc. using dmeventd or progress polling...
         Starting Monitoring of LVM2 mirrors... dmeventd or progress polling...
[   12.349008] systemd[1]: Mounting Huge Pages File System...
         Mounting Huge Pages File System...
[   12.356783] systemd[1]: Starting Nameserver information manager...
         Starting Nameserver information manager...
[   12.364049] systemd[1]: Mounting POSIX Message Queue File System...
         Mounting POSIX Message Queue File System...
[   12.369959] systemd[1]: Listening on LVM2 poll daemon socket.
[[0;32m  OK  [0m] Listening on LVM2 poll daemon socket.
[   12.385468] systemd[1]: Started Forward Password Requests to Wall Directory Watch.
[[0;32m  OK  [0m] Started Forward Password Requests to Wall Directory Watch.
[   12.405829] systemd[1]: Starting Uncomplicated firewall...
         Starting Uncomplicated firewall...
[   12.410662] systemd[1]: Reached target System Time Synchronized.
[[0;32m  OK  [0m] Reached target System Time Synchronized.
[   12.415382] systemd[1]: Reached target Encrypted Volumes.
[[0;32m  OK  [0m] Reached target Encrypted Volumes.
[   12.420042] systemd[1]: Reached target User and Group Name Lookups.
[[0;32m  OK  [0m] Reached target User and Group Name Lookups.
[   12.426905] systemd[1]: Starting Set console keymap...
         Starting Set console keymap...
[   12.433262] systemd[1]: Starting File System Check on Root Device...
         Starting File System Check on Root Device...
[   12.446315] systemd[1]: Starting Load Kernel Modules...
         Starting Load Kernel Modules...
[   12.453669] systemd[1]: Reached target Swap.
[[0;32m  OK  [0m] Reached target Swap.
[   12.470857] systemd[1]: Listening on udev Kernel Socket.
[[0;32m  OK  [0m] Listening on ude[   12.475287] random: nonblocking pool is initialized
v Kernel Socket.
[   12.479319] systemd[1]: Listening on udev Control Socket.
[   12.482454] Loading iSCSI transport class v2.0-870.
[[0;32m  OK  [0m] Listening on udev Control Socket.
[   12.506994] iscsi: registered transport (tcp)
[   12.513343] systemd[1]: Starting Create list of required static device nodes for the current kernel...
         Starting Create list of required st... nodes for the current kernel...
[   12.528963] systemd[1]: Mounted Huge Pages File System.
[[0;32m  OK  [0m] Mounted Huge Pages File System.
[   12.536031] systemd[1]: Mounted POSIX Message Queue File System.
[[0;32m  OK  [0m] Mounted POSIX Message Queue File System.
[   12.561024] systemd[1]: Mounted Debug File System.
[[0;32m  OK  [0m] Mounted Debug File System.
[   12.568471] systemd[1]: Started Journal Service.
[[0;32m  OK  [0m] Started Journal Service.
[   12.597928] iscsi: registered transport (iser)
[[0;32m  OK  [0m] Started Uncomplicated firewall.
[[0;32m  OK  [0m] Started Set console keymap.
[[0;32m  OK  [0m] Started File System Check on Root Device.
[[0;32m  OK  [0m] Started Load Kernel Modules.
[[0;32m  OK  [0m] Started Create list of required sta...ce nodes for the current kernel.
[[0;32m  OK  [0m] Started Nameserver information manager.
[[0;32m  OK  [0m] Started LVM2 metadata daemon.
[[0;32m  OK  [0m] Started File System Check Daemon to report status.
         Starting Create Static Device Nodes in /dev...
         Mounting FUSE Control File System...
         Starting Apply Kernel Variables...
         Starting Remount Root and Kernel File Systems...
[[0;32m  OK  [0m] Mounted FUSE Control File System.
[[0;32m  OK  [0m] Started Apply Kernel Variables.
[[0;32m  OK  [0m] Started Remount Root and Kernel File Systems.
         Starting udev Coldplug all Devices...
         Starting Flush Journal to Persistent Storage...
         Starting Load/Save Random Seed...
[[0;32m  OK  [0m] Started Create Static Device Nodes in /dev.
[[0;32m  OK  [0m] Started Load/Save Random Seed.
         Starting udev Kernel Device Manager...
[[0;32m  OK  [0m] Started Flush Journal to Persistent Storage.
[[0;32m  OK  [0m] Started Monitoring of LVM2 mirrors,...ng dmeventd or progress polling.
[[0;32m  OK  [0m] Reached target Local File Systems (Pre).
[[0;32m  OK  [0m] Reached target Local File Systems.
         Starting Tell Plymouth To Write Out Runtime Data...
         Starting Commit a transient machine-id on disk...
         Starting LSB: AppArmor initialization...
         Starting Create Volatile Files and Directories...
         Starting Initial cloud-init job (pre-networking)...
         Starting Set console font and keymap...
[[0;32m  OK  [0m] Started udev Coldplug all Devices.
[[0;32m  OK  [0m] Started Tell Plymouth To Write Out Runtime Data.
[[0;32m  OK  [0m] Started Commit a transient machine-id on disk.
[[0;32m  OK  [0m] Started Create Volatile Files and Directories.
         Starting Update UTMP about System Boot/Shutdown...
[[0;32m  OK  [0m] Started Update UTMP about System Boot/Shutdown.
[[0;32m  OK  [0m] Started udev Kernel Device Manager.
[[0;32m  OK  [0m] Started Dispatch Password Requests to Console Directory Watch.
[[0;32m  OK  [0m] Found device /dev/ttyS0.
[[0;32m  OK  [0m] Listening on Load/Save RF Kill Switch Status /dev/rfkill Watch.
[[0;32m  OK  [0m] Started Set console font and keymap.
[[0;32m  OK  [0m] Created slice system-getty.slice.
[[0;32m  OK  [0m] Started LSB: AppArmor initialization.
         Starting Load AppArmor profiles managed internally by snapd...
[[0;32m  OK  [0m] Started Load AppArmor profiles managed internally by snapd.
[   16.030005] cloud-init[488]: Cloud-init v. 21.1-19-gbad84ad4-0ubuntu1~16.04.2 running 'init-local' at Sun, 05 Dec 2021 10:01:47 +0000. Up 15.20 seconds.
[[0;32m  OK  [0m] Started Initial cloud-init job (pre-networking).
[[0;32m  OK  [0m] Reached target Network (Pre).
         Starting Raise network interfaces...
[[0;32m  OK  [0m] Started Raise network interfaces.
         Starting Initial cloud-init job (metadata service crawler)...
[[0;32m  OK  [0m] Reached target Network.
[   18.206234] cloud-init[951]: Cloud-init v. 21.1-19-gbad84ad4-0ubuntu1~16.04.2 running 'init' at Sun, 05 Dec 2021 10:01:49 +0000. Up 17.12 seconds.
[   18.211431] cloud-init[951]: ci-info: ++++++++++++++++++++++++++++++++++++++Net device info+++++++++++++++++++++++++++++++++++++++
[   18.220871] cloud-init[951]: ci-info: +--------+-------+----------------------------+---------------+--------+-------------------+
[   18.232906] cloud-init[951]: ci-info: | Device |   Up  |          Address           |      Mask     | Scope  |     Hw-Address    |
[   18.239103] cloud-init[951]: ci-info: +--------+-------+----------------------------+---------------+--------+-------------------+
[   18.244827] cloud-init[951]: ci-info: | enp0s3 |  True |         10.0.2.15          | 255.255.255.0 | global | 02:be:82:6b:cc:1d |
[   18.250886] cloud-init[951]: ci-info: | enp0s3 |  True | fe80::be:82ff:fe6b:cc1d/64 |       .       |  link  | 02:be:82:6b:cc:1d |
[   18.257609] cloud-init[951]: ci-info: | enp0s8 | False |             .              |       .       |   .    | 08:00:27:ab:a7:3c |
[   18.262030] cloud-init[951]: ci-info: |   lo   |  True |         127.0.0.1          |   255.0.0.0   |  host  |         .         |
[   18.267591] cloud-init[951]: ci-info: |   lo   |  True |          ::1/128           |       .       |  host  |         .         |
[   18.272540] cloud-init[951]: ci-info: +--------+-------+----------------------------+---------------+--------+-------------------+
[   18.276963] cloud-init[951]: ci-info: +++++++++++++++++++++++++++Route IPv4 info++++++++++++++++++++++++++++
[   18.280965] cloud-init[951]: ci-info: +-------+-------------+----------+---------------+-----------+-------+
[   18.285290] cloud-init[[0;32m  OK  [0m] Started Initial cloud-init job (metadata service crawler).
[[0;32m  OK  [0m] Reached target System Initialization.
[[0;32m  OK  [0m] Started Daily apt download activities.
[951]: ci-info: | Route | Destination | Gateway  |    Genmask    | Interface | Flags |
[   18.304819] cloud-init[951]: ci-info: +-------+-------------+----------+---------------+-----------+-------+
[   18.308683] cloud-init[951]: ci-info: |   0   |   0.0.0.0   | 10.0.2.2 |    0.0.0.0    |   enp0s3  |   UG  |
[   18.309080] cloud-init[951]: ci-info: |   1   |   10.0.2.0  | 0.0.0.0  | 255.255.255.0 |   enp0s3  |   U   |
[   18.313511] cloud-init[951]: ci-info: +-------+-------------+----------+---------------+-----------+-------+
[   18.314491] cloud-init[951]: ci-info: +++++++++++++++++++Route IPv6 info+++++++++++++++++++
         Starting Socket activation for snappy daemon.
[[0;32m  OK  [0m] Started Message of the Day.
[   18.319078] cloud-init[951]: ci-info: +-------+-------------+---------+-----------+-------+
[   18.325039] cloud-init[951]: ci-info: | Route | Destination | Gateway | Interface | Flags |
[[   18.325164] cloud-init[951]: ci-info: +-------+-------------+---------+-----------+-------+
[   18.333050] cloud-init[951]: ci-info: |   0   |  fe80::/64  |    ::   |   enp0s3  |   U   |
[   18.337123] cloud-init[951]: ci-info: |   3   |   ff00::/8  |    ::   |   enp0s3  |   U   |
[   18.339408] cloud-init[951]: ci-info: +-------+-------------+---------+-----------+-------+
[0;32m  OK  [0m] Started Daily apt upgrade and clean activities.
[[   18.341412] cloud-init[0;32m  OK  [0m[951]: ] Generating public/private rsa key pair.Started Daily Cleanup of Temporary Directories.

         [   18.353070] cloud-init[951]: Your identification has been saved in /etc/ssh/ssh_host_rsa_key.
Starting LXD - unix socket.[   18.353312] 
cloud-init[951]: Your public key has been saved in /etc/ssh/ssh_host_rsa_key.pub.
[   18.353401] cloud-init[951]: The key fingerprint is:
[[0;32m  OK  [0m] Listening on D-Bus System Message Bus Socket.
[   18.365857] cloud-init[951]: SHA256:T7fVBfiFPEbglukUmXTbMejhG7NlqHgR014Wb80VuEg root@ubuntu-xenial
[   18.372280] cloud-init[951]: The key's randomart image is:
[   18.380547] cloud-init[951]: +---[RSA 2048]----+
[   18.380992] cloud-init[951]: |           .=B**+|
[   18.383535] [cloud-init[0;32m  OK  [0m[951]: ] |           E+X=BB|Started ACPI Events Check.

[   18.389297] cloud-init[951]: |          . &oBoB|
[   18.390231] cloud-init[951]: |           * O.=.|
[   18.390959] cloud-init[951]: |        S o = O .|
[[0;32m  OK  [0m] Reached target Paths.
[   18.391580] cloud-init[951]: |         + + =   |
[[0;32m  OK  [0m] Listening on ACPID Listen Socket.
[   18.398573] cloud-init[951]: |          o .    |
[[   18.403641] cloud-init[951]: |                 |
[   18.404549] cloud-init[951]: |                 |
[0;32m  OK  [0m] Started Ubuntu Advantage update messaging.
[   18.404963] cloud-init[951]: +----[SHA256]-----+
[   18.410275] cloud-init[951]: Generating public/private dsa key pair.
[[0;32m  OK  [0m] Reached target Timers.
[   18.412260] cloud-init[951]: Your identification has been saved in /etc/ssh/ssh_host_dsa_key.
[[0;32m  OK  [0m] Listening on UUID daemon activation socket.[   18.417171] 
cloud-init[951]: Your public key has been saved in /etc/ssh/ssh_host_dsa_key.pub.
[   18.417476] cloud-init[951]: The key fingerprint is:
[[0;32m  OK  [0m] Reached target Network is Online.
[   18.434194] cloud-init[951]: SHA256:tWm/uCNwKjs76g88a+TIJVJYvy/xmu3JzI400mVEQlw root@ubuntu-xenial
[   18.441209] cloud-init[951]: The key's randomart image is:
[   18.444956] cloud-init[951]: +---[DSA 1024]----+
[   18.447118] cloud-init[951]: |   oo.E          |
[   18.449271] cloud-init[951]: |  . .o           |
[   18.451388] cloud-init[951]: | o .  .   .      |
[   18.457527] cloud-init[951]: |. . ..   . o     |
         Starting iSCSI initiator daemon (iscsid)...
[   18.457868] cloud-init[951]: | .   .o S +      |
[   18.461617] cloud-init[951]: |.o.ooo. .. .     |
[   18.463536] cloud-init[951]: |o+B ++ +    .    |
[   18.472885] cloud-init[951]: |..o*=O+.. .. .   |
[   18.473225] cloud-init[951]: | o+oB@O  .oo.    |
[[0;32m  OK  [0m] Reached target Cloud-config availability.
[   18.473836] cloud-init[951]: +----[SHA256]-----+
[   18.479791] cloud-init[951]: Generating public/private ecdsa key pair.
[   18.480805] cloud-init[951]: Your identification has been saved in /etc/ssh/ssh_host_ecdsa_key.
[   18.483646] cloud-init[951]: Your public key has been saved in /etc/ssh/ssh_host_ecdsa_key.pub.
[[0;32m  OK  [0m] Listening on Socket activation for snappy daemon.
[   18.485030] cloud-init[951]: The key fingerprint is:
[   18.494396] cloud-init[951]: SHA256:gefncV+MLNXJjwtlhxlfoBsUVKODr3D1pbI+vjpY/dw root@ubuntu-xenial
[   18.495023] [cloud-init[0;32m  OK  [0m[951]: ] The key's randomart image is:Listening on LXD - unix socket.

[[   18.495323] [0;32m  OK  [0mcloud-init] [951]: Reached target Sockets.+---[ECDSA 256]---+

[   18.509411] cloud-init[951]: |           .+o=..|
[   18.509927] cloud-init[951]: |       .   o o.Bo|
[   18.510512] cloud-init[951]: |      . o . * *o=|
[   18.514493] cloud-init[951]: |       o . o X B.|
[   18.514634] cloud-init[951]: |        S +.B * +|
[[0;32m  OK  [0m] Reached target Basic System.
[   18.517005] cloud-init[951]: |         =.+.* o |
[   18.522651] cloud-init[951]: |         oo .oo. |
[   18.533184] cloud-init[951]: |        . ... o E|
[   18.536459] cloud-init[951]: |          .++o   |
[   18.538321] cloud-init[951]: +----[SHA256]-----+
[   18.540665] cloud-init[951]: Generating public/private ed25519 key pair.
[   18.543422] cloud-init[951]: Your identification has been saved in /etc/ssh/ssh_host_ed25519_key.
[   18.547358] cloud-init[951]: Your public key has been saved in /etc/ssh/ssh_host_ed25519_key.pub.
[   18.547822] cloud-init[951]: The key fingerprint is:
[   18.550054] cloud-init[951]: SHA256:xDRlnB3qbeFr9RDUUyv5AAcWIvFtJqx9/9IOZwZ1gO8 root@ubuntu-xenial
         Starting Pollinate to seed the pseudo random number generator...
         Starting Accounts Service...
[   18.550839] cloud-init[951]: The key's randomart image is:
[   18.573132] cloud-init[951]: +--[ED25519 256]--+
         Starting System Logging Service...
[   18.574473] cloud-init[951]: |       o++oB++o.o|
[   18.584002] cloud-init[951]: |       o+o*.=..oo|
         Starting Snap Daemon...
[[0;32m  OK  [0m] Started ACPI event daemon.
[   18.625763] cloud-init[951]: |        o+.+.=.oo|
[[0;32m  OK  [0m] Started FUSE filesystem for LXC.
[   18.627956] cloud-init         Starting LSB: Record successful boot for GRUB...
         Starting /etc/rc.local Compatibility...
         Starting LXD - container startup/shutdown...
[951]: |       .o.+o .*..|
[   18.659632] cloud-init[951]: |       .S...+oo. |
[   18.665326] cloud-init[951]: |          ...oEo |
[   18.671294]          Starting Login Service...
         Starting Virtualbox guest utils...
[[0;32m  OK  [0m] Started Deferred execution scheduler.
[[0;32m  OK  [0m] Started Regular background program processing daemon.
         Starting LSB: MD monitoring daemon...
[[0;32m  OK  [0m] Started D-Bus System Message Bus.
cloud-init[951]: |            oo.+.|
[   18.804562] cloud-init[951]: |           . .*. |
[   18.812684] cloud-init[951]: |              oo |
[   18.820451] cloud-init[951]: +----[SHA256]-----+
[[0;32m  OK  [0m] Started System Logging Service.
[[0;32m  OK  [0m] Started /etc/rc.local Compatibility.
[[0;32m  OK  [0m] Started Login Service.
[[0;32m  OK  [0m] Started Unattended Upgrades Shutdown.
         Starting Authenticate and Authorize Users to Run Privileged Tasks...
[[0;32m  OK  [0m] Started LSB: Record successful boot for GRUB.
[[0;32m  OK  [0m] Started iSCSI initiator daemon (iscsid).
         Starting Login to default iSCSI targets...
[[0;32m  OK  [0m] Started LSB: MD monitoring daemon.
[[0;32m  OK  [0m] Started Authenticate and Authorize Users to Run Privileged Tasks.
[[0;32m  OK  [0m] Started Accounts Service.
[[0;32m  OK  [0m] Started Login to default iSCSI targets.
[[0;32m  OK  [0m] Reached target Remote File Systems (Pre).
[[0;32m  OK  [0m] Reached target Remote File Systems.
         Starting LSB: Set the CPU Frequency Scaling governor to "ondemand"...
         Starting LSB: daemon to balance interrupts for SMP systems...
         Starting Permit User Sessions...
         Starting LSB: automatic crash report generation...
[[0;32m  OK  [0m] Started Permit User Sessions.
         Starting Terminate Plymouth Boot Screen...
         Starting Hold until boot process finishes up...
[[0;32m  OK  [0m] Started LXD - container startup/shutdown.
[[0;32m  OK  [0m] Started Hold until boot process finishes up.
[[0;32m  OK  [0m] Started Serial Getty on ttyS0.
[[0;32m  OK  [0m] Started Getty on tty1.
[[0;32m  OK  [0m] Reached target Login Prompts.
         Starting Set console scheme...
[[0;32m  OK  [0m] Started Terminate Plymouth Boot Screen.
[[0;32m  OK  [0m] Started Set console scheme.
[[0;32m  OK  [0m] Started LSB: Set the CPU Frequency Scaling governor to "ondemand".
[[0;32m  OK  [0m] Started Virtualbox guest utils.
[[0;32m  OK  [0m] Started LSB: automatic crash report generation.
[[0;32m  OK  [0m] Started LSB: daemon to balance interrupts for SMP systems.
[[0;32m  OK  [0m] Started Snap Daemon.
         Starting Wait until snapd is fully seeded...
[[0;32m  OK  [0m] Started Wait until snapd is fully seeded.
         Starting Apply the settings specified in cloud-config...
[[0;32m  OK  [0m] Started Pollinate to seed the pseudo random number generator.
         Starting OpenBSD Secure Shell server...
[[0;32m  OK  [0m] Started OpenBSD Secure Shell server.
[[0;32m  OK  [0m] Reached target Multi-User System.
[[0;32m  OK  [0m] Reached target Graphical Interface.
         Starting Update UTMP about System Runlevel Changes...
[[0;32m  OK  [0m] Started Update UTMP about System Runlevel Changes.
[   21.671137] cloud-init[1285]: Generating locales (this might take a while)...
[   23.156896] cloud-init[1285]:   en_US.UTF-8... done
[   23.177438] cloud-init[1285]: Generation complete.
[   24.318413] cloud-init[1285]: Cloud-init v. 21.1-19-gbad84ad4-0ubuntu1~16.04.2 running 'modules:config' at Sun, 05 Dec 2021 10:01:54 +0000. Up 21.50 seconds.
[[0;32m  OK  [0m] Started Apply the settings specified in cloud-config.
         Starting Execute cloud user/final scripts...
[[0;32m  OK  [0m] Created slice User Slice of vagrant.
         Starting User Manager for UID 1000...
[[0;32m  OK  [0m] Started Session 1 of user vagrant.
[[0;32m  OK  [0m] Started User Manager for UID 1000.

Ubuntu 16.04.7 LTS ubuntu-xenial ttyS0

ubuntu-xenial login: ci-info: no authorized SSH keys fingerprints found for user ubuntu.
<14>Dec  5 10:01:59 ec2: 
<14>Dec  5 10:01:59 ec2: #############################################################
<14>Dec  5 10:01:59 ec2: -----BEGIN SSH HOST KEY FINGERPRINTS-----
<14>Dec  5 10:01:59 ec2: 1024 SHA256:tWm/uCNwKjs76g88a+TIJVJYvy/xmu3JzI400mVEQlw root@ubuntu-xenial (DSA)
<14>Dec  5 10:01:59 ec2: 256 SHA256:gefncV+MLNXJjwtlhxlfoBsUVKODr3D1pbI+vjpY/dw root@ubuntu-xenial (ECDSA)
<14>Dec  5 10:01:59 ec2: 256 SHA256:xDRlnB3qbeFr9RDUUyv5AAcWIvFtJqx9/9IOZwZ1gO8 root@ubuntu-xenial (ED25519)
<14>Dec  5 10:01:59 ec2: 2048 SHA256:T7fVBfiFPEbglukUmXTbMejhG7NlqHgR014Wb80VuEg root@ubuntu-xenial (RSA)
<14>Dec  5 10:01:59 ec2: -----END SSH HOST KEY FINGERPRINTS-----
<14>Dec  5 10:01:59 ec2: #############################################################
-----BEGIN SSH HOST KEY KEYS-----
ecdsa-sha2-nistp256 AAAAE2VjZHNhLXNoYTItbmlzdHAyNTYAAAAIbmlzdHAyNTYAAABBBHrqbRLKX3nbCoS2Bi0ZP0EFxei8k++GiZzQm15b9Hh6ssKRwi/PGToAnGskcq2AYxXpDmp8a1z6hn4uUtupH+g= root@ubuntu-xenial
ssh-ed25519 AAAAC3NzaC1lZDI1NTE5AAAAILCff/ecbgfrViWSjQ0ZPg6+TWFIbZ/27Y97V410c1WI root@ubuntu-xenial
ssh-rsa AAAAB3NzaC1yc2EAAAADAQABAAABAQD5ewr6G7Sg9VBq5ecRvAeRWj1GU22FCuT0nZFaCZh3aHOmec+HnvNLDPssynKYSydJ9YUD/CGUebq1EAyRN7ymqE5aKKWBT0m6nOC9N9o/r6DObSD5x5OFdUxVqSkhi40nccqvdTAYRdqogIyA+LR5eryqzVYceMOE4VzENHVnBcAwditbhkV32s8CubNWXVztQ8R5+wOTElbxpYNOHf/7XG5y1YTN7BmdNJtCmuDH8XT47ZpprJoTR+B7Rp6Xwyj6j9oY4SQqWh8Q/cCmESqc66/D5t+fIJsc1qiIHlq/eaUfqDe+QukPCb/CbcdK/T60xvniLNwPPb1UwWm/+lxV root@ubuntu-xenial
-----END SSH HOST KEY KEYS-----
[   26.577556] cloud-init[1351]: Cloud-init v. 21.1-19-gbad84ad4-0ubuntu1~16.04.2 running 'modules:final' at Sun, 05 Dec 2021 10:01:57 +0000. Up 25.15 seconds.
[   26.578153] cloud-init[1351]: ci-info: no authorized SSH keys fingerprints found for user ubuntu.
[   26.580247] cloud-init[1351]: Cloud-init v. 21.1-19-gbad84ad4-0ubuntu1~16.04.2 finished at Sun, 05 Dec 2021 10:01:59 +0000. Datasource DataSourceNoCloud [seed=/dev/sdb][dsmode=net].  Up 26.53 seconds
